0 info it worked if it ends with ok
1 verbose cli [ 'c:\\Program Files\\nodejs\\node.exe',
1 verbose cli   'c:\\Program Files\\nodejs\\node_modules\\npm\\bin\\npm-cli.js',
1 verbose cli   'install',
1 verbose cli   'usemin-paterns',
1 verbose cli   '--save-dev' ]
2 info using npm@1.4.28
3 info using node@v0.10.33
4 warn package.json yo-project@ No description
5 warn package.json yo-project@ No repository field.
6 warn package.json yo-project@ No README data
7 verbose readDependencies using package.json deps
8 verbose cache add [ 'usemin-paterns', null ]
9 verbose cache add name=undefined spec="usemin-paterns" args=["usemin-paterns",null]
10 verbose parsed url { protocol: null,
10 verbose parsed url   slashes: null,
10 verbose parsed url   auth: null,
10 verbose parsed url   host: null,
10 verbose parsed url   port: null,
10 verbose parsed url   hostname: null,
10 verbose parsed url   hash: null,
10 verbose parsed url   search: null,
10 verbose parsed url   query: null,
10 verbose parsed url   pathname: 'usemin-paterns',
10 verbose parsed url   path: 'usemin-paterns',
10 verbose parsed url   href: 'usemin-paterns' }
11 silly lockFile de07eef9-usemin-paterns usemin-paterns
12 verbose lock usemin-paterns C:\Users\bonang7\AppData\Roaming\npm-cache\de07eef9-usemin-paterns.lock
13 silly lockFile de07eef9-usemin-paterns usemin-paterns
14 silly lockFile de07eef9-usemin-paterns usemin-paterns
15 verbose addNamed [ 'usemin-paterns', '' ]
16 verbose addNamed [ null, '*' ]
17 silly lockFile 09bed488-usemin-paterns usemin-paterns@
18 verbose lock usemin-paterns@ C:\Users\bonang7\AppData\Roaming\npm-cache\09bed488-usemin-paterns.lock
19 silly addNameRange { name: 'usemin-paterns', range: '*', hasData: false }
20 verbose request where is /usemin-paterns
21 verbose request registry https://registry.npmjs.org/
22 verbose request id e28cf0bef97bd414
23 verbose url raw /usemin-paterns
24 verbose url resolving [ 'https://registry.npmjs.org/', './usemin-paterns' ]
25 verbose url resolved https://registry.npmjs.org/usemin-paterns
26 verbose request where is https://registry.npmjs.org/usemin-paterns
27 info trying registry request attempt 1 at 22:36:37
28 http GET https://registry.npmjs.org/usemin-paterns
29 http 404 https://registry.npmjs.org/usemin-paterns
30 verbose headers { date: 'Mon, 17 Nov 2014 15:36:38 GMT',
30 verbose headers   server: 'CouchDB/1.5.0 (Erlang OTP/R14B04)',
30 verbose headers   'content-type': 'application/json',
30 verbose headers   'cache-control': 'max-age=0',
30 verbose headers   'content-length': '52',
30 verbose headers   'accept-ranges': 'bytes',
30 verbose headers   via: '1.1 varnish',
30 verbose headers   age: '0',
30 verbose headers   'x-served-by': 'cache-sn88-SIN',
30 verbose headers   'x-cache': 'MISS',
30 verbose headers   'x-cache-hits': '0',
30 verbose headers   'x-timer': 'S1416238597.964669,VS0,VE1006',
30 verbose headers   'keep-alive': 'timeout=10, max=50',
30 verbose headers   connection: 'Keep-Alive' }
31 silly registry.get cb [ 404,
31 silly registry.get   { date: 'Mon, 17 Nov 2014 15:36:38 GMT',
31 silly registry.get     server: 'CouchDB/1.5.0 (Erlang OTP/R14B04)',
31 silly registry.get     'content-type': 'application/json',
31 silly registry.get     'cache-control': 'max-age=0',
31 silly registry.get     'content-length': '52',
31 silly registry.get     'accept-ranges': 'bytes',
31 silly registry.get     via: '1.1 varnish',
31 silly registry.get     age: '0',
31 silly registry.get     'x-served-by': 'cache-sn88-SIN',
31 silly registry.get     'x-cache': 'MISS',
31 silly registry.get     'x-cache-hits': '0',
31 silly registry.get     'x-timer': 'S1416238597.964669,VS0,VE1006',
31 silly registry.get     'keep-alive': 'timeout=10, max=50',
31 silly registry.get     connection: 'Keep-Alive' } ]
32 silly lockFile 09bed488-usemin-paterns usemin-paterns@
33 silly lockFile 09bed488-usemin-paterns usemin-paterns@
34 error 404 404 Not Found: usemin-paterns
34 error 404
34 error 404 'usemin-paterns' is not in the npm registry.
34 error 404 You should bug the author to publish it
34 error 404 It was specified as a dependency of 'yo-project'
34 error 404
34 error 404 Note that you can also install from a
34 error 404 tarball, folder, or http url, or git url.
35 error System Windows_NT 6.1.7601
36 error command "c:\\Program Files\\nodejs\\node.exe" "c:\\Program Files\\nodejs\\node_modules\\npm\\bin\\npm-cli.js" "install" "usemin-paterns" "--save-dev"
37 error cwd d:\bonang\yo-project
38 error node -v v0.10.33
39 error npm -v 1.4.28
40 error code E404
41 verbose exit [ 1, true ]
